LSS-HASHES
Hash: SHA256

ba9fc8dbc5d0ad071dc636f70635663dc129983af5b6364c6f3543458f453e1a   PACKAGEDATA
9a35d77ac6957f76cd8ed900563ae97c0ea189064f5fd59dd329aa2723090aab   files.lst
e809d146061f97d2a231a284e454aabe4543fbd43591bbc3a77c9cf7e6ab726c   script.pm
1fa27a27488fc5d42c1d0cb5e06d3f99f1210989e474ba00f71e55816be231b5   node/README.md
07c6a94eb3cf31347d9a1981fe2169e5aea4036d791cb9e2e9d00bbd1e253856   node/checkbuild.js
e7834b3df63e7a0f59e710db71c9e843e84b663206a736af07dd0820000eadc4   node/examples/app1.js
e72e81739e0a0a10f9737d9b49cab7e58178f5a5124d9b14ba2af47f32bde145   node/examples/app2.js
c42167ee8313662faf4fa32cc3a18a6a0e04ce92833c67b3cd64c366f0df4d1e   node/examples/readme.txt
2555401fa427d5dcab249e48b6bd1c9311e555521d86e15246677bc61e9daa13   node/extension/Enums.js
fb723ad7fdfa94d94e1af37d46c4187391cbee1f88309cc15966183c1f2922c1   node/extension/FunctionCode.js
e9444bb3b935417a15bd8a448ec38cb505202eab1263707bcb775a8eeea90edf   node/extension/Stream.js
b8a61e5ee6ffce4e6406258ff6549279f75f71c1761e716f44cdfe167d01e312   node/extension/TypeCode.js
16a6f9f14f52a34daefcae557cb9244561255b7131de6bc0c341edda67929662   node/lib/index.js
db1520e7621e641bf863c8fa302141bc00aa9dd4d0cb4b2ab27a6a8447ac76ad   node/package.json
4d1c191cba2336278998120876314999abfaa5ff83f6b2b432507cc16fad2a11 X node/prebuilt/linuxx86_64-gcc48/hana-client.node
44580464162cde8a97dc161e25b32b4b908474ad2bf6b2edcdd64539a4af96fc X node/prebuilt/linuxx86_64-gcc48/hana-client_v10.node
f2dde31a391333fd1a858a33990e4415d5ebf5aec2ed85f876d5aa119ad3ceda X node/prebuilt/linuxx86_64-gcc48/hana-client_v12.node
0cf7705b642d87d876f086aeeba86490a90a99bdf79d38e77dfb0ac8499582b5 X node/prebuilt/linuxx86_64-gcc48/hana-client_v4.node
b9a2d92fe82c3fb532d7188f2c694bf576567d4daaa2e5299d0e08a669ebc1d9 X node/prebuilt/linuxx86_64-gcc48/hana-client_v8.node
c3cf228a3380880fa1e05c3fdbb5cc8790b769c0252219340d63c490d7a81cf0 X node/prebuilt/linuxx86_64-gcc48/libdbcapiHDB.so
a3892a03ada2e4f50cc17f513926d04e914ddb70dd32a3b9c779237c915a1468   node/src/DBCAPI_DLL.cpp
9aa47314265fea981fe5ac107f3ef7d7382cc603e29d6fb23a47ba16582a491a   node/src/connection.cpp
e5d14b1536023bb3531c0c655d12fa8109278c9ab7c17a253ce98b6f656ba8a3   node/src/h/DBCAPI.h
4bc73537d0f71b0303833bf4a9dde40ec1368e5b59b5754fd7bc73ea45f644b8   node/src/h/DBCAPI_DLL.h
e1b316c4f510ee0962c1d3f116297fc34c5ebbd2a7a1cc7cbd6de0e664ddae9f   node/src/h/connection.h
f5adab646ec3614c5331e0963ed7e40018fb108b9609774ed8fa2feb394093ff   node/src/h/errors.h
a70af9c91d4df8873fd2144d35539b48afe304ed9d53b8e30c553f620427d6da   node/src/h/hana_node.h
5719daac0792f559cc6ac0041a206a72663320cfe0c71b781d88886ffceb5401   node/src/h/hana_utils.h
67ebefc0217b8a54bd6770e00aeae76b3928428792711d2a71921c62d521936a   node/src/h/nodever_cover.h
cffa6c29c147bd50d3619671f9a7d3a455968d5153c5bf6abbecfc8b1c3d7a60   node/src/h/resultset.h
2b9fb1731e45a1a011c5a52d0ba93a3e908864f197551ba45ed82afdd523019c   node/src/h/stmt.h
6a17f6feb1ef55d3bbe3599b1b3bdc72598f44712c29f418801287671376d5cb   node/src/hana.cpp
d9999f6eda9663ee478a9bc5c0a44bf13959fecdc861f78acb7410ec81177813   node/src/resultset.cpp
7a62d7789d196f7fa0be1917e08dc34cd04b890d23edebf5370560bc1fcc6989   node/src/statement.cpp
60005bc5250f3e17bd8128eec31501db932c080ea8c4521ec2f2da76c866bd8c   node/src/utils.cpp
